# JRE version: OpenJDK Runtime Environment Temurin-23.0.1+11 (23.0.1+11) (build 23.0.1+11)
# Java VM: OpenJDK 64-Bit Server VM Temurin-23.0.1+11 (23.0.1+11, mixed mode, sharing, tiered, compressed oops, compressed class ptrs, g1 gc, windows-amd64)
GC Precious Log:
 CardTable entry size: 512
 Card Set container configuration: InlinePtr #cards 5 size 8 Array Of Cards #cards 10 size 36 Howl #buckets 4 coarsen threshold 1843 Howl Bitmap #cards 512 size 80 coarsen threshold 460 Card regions per heap region 1 cards per card region 2048
 CPUs: 4 total, 4 available
 Memory: 8067M
 Large Page Support: Disabled
 NUMA Support: Disabled
 Compressed Oops: Enabled (32-bit)
 Heap Region Size: 1M
 Heap Min Capacity: 8M
 Heap Initial Capacity: 128M
 Heap Max Capacity: 2018M
 Pre-touch: Disabled
 Parallel Workers: 4
 Concurrent Workers: 1
 Concurrent Refinement Workers: 4
 Periodic GC: Disabled
Heap:
 garbage-first heap   total reserved 2066432K, committed 116736K, used 90024K [0x0000000081e00000, 0x0000000100000000)
  region size 1024K, 57 young (58368K), 0 survivors (0K)
 Metaspace       used 90194K, committed 91264K, reserved 1179648K
  class space    used 10730K, committed 11200K, reserved 1048576K
GC Heap History (20 events):
Event: 551.433 GC heap before
{Heap before GC invocations=112 (full 21):
 garbage-first heap   total reserved 2066432K, committed 109568K, used 91371K [0x0000000081e00000, 0x0000000100000000)
  region size 1024K, 58 young (59392K), 0 survivors (0K)
 Metaspace       used 87219K, committed 88192K, reserved 1179648K
  class space    used 10576K, committed 11008K, reserved 1048576K
}
Event: 551.440 GC heap after
{Heap after GC invocations=113 (full 21):
 garbage-first heap   total reserved 2066432K, committed 109568K, used 37830K [0x0000000081e00000, 0x0000000100000000)
  region size 1024K, 5 young (5120K), 5 survivors (5120K)
 Metaspace       used 87219K, committed 88192K, reserved 1179648K
  class space    used 10576K, committed 11008K, reserved 1048576K
}
Event: 553.169 GC heap before
{Heap before GC invocations=113 (full 21):
 garbage-first heap   total reserved 2066432K, committed 109568K, used 55238K [0x0000000081e00000, 0x0000000100000000)
  region size 1024K, 23 young (23552K), 5 survivors (5120K)
 Metaspace       used 87310K, committed 88320K, reserved 1179648K
  class space    used 10582K, committed 11008K, reserved 1048576K
}
Event: 553.304 GC heap after
{Heap after GC invocations=114 (full 22):
 garbage-first heap   total reserved 2066432K, committed 109568K, used 32692K [0x0000000081e00000, 0x0000000100000000)
  region size 1024K, 0 young (0K), 0 survivors (0K)
 Metaspace       used 87305K, committed 88320K, reserved 1179648K
  class space    used 10581K, committed 11008K, reserved 1048576K
}
Event: 554.819 GC heap before
{Heap before GC invocations=114 (full 22):
 garbage-first heap   total reserved 2066432K, committed 109568K, used 92084K [0x0000000081e00000, 0x0000000100000000)
  region size 1024K, 59 young (60416K), 0 survivors (0K)
 Metaspace       used 87684K, committed 88704K, reserved 1179648K
  class space    used 10610K, committed 11072K, reserved 1048576K
}
Event: 554.825 GC heap after
{Heap after GC invocations=115 (full 22):
 garbage-first heap   total reserved 2066432K, committed 109568K, used 37694K [0x0000000081e00000, 0x0000000100000000)
  region size 1024K, 5 young (5120K), 5 survivors (5120K)
 Metaspace       used 87684K, committed 88704K, reserved 1179648K
  class space    used 10610K, committed 11072K, reserved 1048576K
}
Event: 560.927 GC heap before
{Heap before GC invocations=115 (full 22):
 garbage-first heap   total reserved 2066432K, committed 109568K, used 55102K [0x0000000081e00000, 0x0000000100000000)
  region size 1024K, 23 young (23552K), 5 survivors (5120K)
 Metaspace       used 87862K, committed 88960K, reserved 1179648K
  class space    used 10612K, committed 11072K, reserved 1048576K
}
Event: 561.017 GC heap after
{Heap after GC invocations=116 (full 23):
 garbage-first heap   total reserved 2066432K, committed 109568K, used 32943K [0x0000000081e00000, 0x0000000100000000)
  region size 1024K, 0 young (0K), 0 survivors (0K)
 Metaspace       used 87860K, committed 88960K, reserved 1179648K
  class space    used 10611K, committed 11072K, reserved 1048576K
}
Event: 562.544 GC heap before
{Heap before GC invocations=116 (full 23):
 garbage-first heap   total reserved 2066432K, committed 109568K, used 93359K [0x0000000081e00000, 0x0000000100000000)
  region size 1024K, 60 young (61440K), 0 survivors (0K)
 Metaspace       used 88441K, committed 89472K, reserved 1179648K
  class space    used 10638K, committed 11072K, reserved 1048576K
}
Event: 562.551 GC heap after
{Heap after GC invocations=117 (full 23):
 garbage-first heap   total reserved 2066432K, committed 161792K, used 37955K [0x0000000081e00000, 0x0000000100000000)
  region size 1024K, 5 young (5120K), 5 survivors (5120K)
 Metaspace       used 88441K, committed 89472K, reserved 1179648K
  class space    used 10638K, committed 11072K, reserved 1048576K
}
Event: 564.428 GC heap before
{Heap before GC invocations=117 (full 23):
 garbage-first heap   total reserved 2066432K, committed 161792K, used 56387K [0x0000000081e00000, 0x0000000100000000)
  region size 1024K, 24 young (24576K), 5 survivors (5120K)
 Metaspace       used 88633K, committed 89664K, reserved 1179648K
  class space    used 10642K, committed 11136K, reserved 1048576K
}
Event: 564.520 GC heap after
{Heap after GC invocations=118 (full 24):
 garbage-first heap   total reserved 2066432K, committed 116736K, used 33260K [0x0000000081e00000, 0x0000000100000000)
  region size 1024K, 0 young (0K), 0 survivors (0K)
 Metaspace       used 88631K, committed 89664K, reserved 1179648K
  class space    used 10641K, committed 11136K, reserved 1048576K
}
Event: 565.949 GC heap before
{Heap before GC invocations=118 (full 24):
 garbage-first heap   total reserved 2066432K, committed 116736K, used 97772K [0x0000000081e00000, 0x0000000100000000)
  region size 1024K, 64 young (65536K), 0 survivors (0K)
 Metaspace       used 89147K, committed 90240K, reserved 1179648K
  class space    used 10671K, committed 11136K, reserved 1048576K
}
Event: 565.956 GC heap after
{Heap after GC invocations=119 (full 24):
 garbage-first heap   total reserved 2066432K, committed 116736K, used 38841K [0x0000000081e00000, 0x0000000100000000)
  region size 1024K, 6 young (6144K), 6 survivors (6144K)
 Metaspace       used 89147K, committed 90240K, reserved 1179648K
  class space    used 10671K, committed 11136K, reserved 1048576K
}
Event: 568.013 GC heap before
{Heap before GC invocations=120 (full 24):
 garbage-first heap   total reserved 2066432K, committed 116736K, used 51129K [0x0000000081e00000, 0x0000000100000000)
  region size 1024K, 19 young (19456K), 6 survivors (6144K)
 Metaspace       used 89159K, committed 90240K, reserved 1179648K
  class space    used 10672K, committed 11136K, reserved 1048576K
}
Event: 568.136 GC heap after
{Heap after GC invocations=121 (full 25):
 garbage-first heap   total reserved 2066432K, committed 116736K, used 33428K [0x0000000081e00000, 0x0000000100000000)
  region size 1024K, 0 young (0K), 0 survivors (0K)
 Metaspace       used 89157K, committed 90240K, reserved 1179648K
  class space    used 10672K, committed 11136K, reserved 1048576K
}
Event: 570.284 GC heap before
{Heap before GC invocations=121 (full 25):
 garbage-first heap   total reserved 2066432K, committed 116736K, used 96916K [0x0000000081e00000, 0x0000000100000000)
  region size 1024K, 63 young (64512K), 0 survivors (0K)
 Metaspace       used 89763K, committed 90880K, reserved 1179648K
  class space    used 10706K, committed 11200K, reserved 1048576K
}
Event: 570.293 GC heap after
{Heap after GC invocations=122 (full 25):
 garbage-first heap   total reserved 2066432K, committed 116736K, used 39033K [0x0000000081e00000, 0x0000000100000000)
  region size 1024K, 6 young (6144K), 6 survivors (6144K)
 Metaspace       used 89763K, committed 90880K, reserved 1179648K
  class space    used 10706K, committed 11200K, reserved 1048576K
}
Event: 574.074 GC heap before
{Heap before GC invocations=122 (full 25):
 garbage-first heap   total reserved 2066432K, committed 116736K, used 51321K [0x0000000081e00000, 0x0000000100000000)
  region size 1024K, 19 young (19456K), 6 survivors (6144K)
 Metaspace       used 89863K, committed 91008K, reserved 1179648K
  class space    used 10707K, committed 11200K, reserved 1048576K
}
Event: 574.214 GC heap after
{Heap after GC invocations=123 (full 26):
 garbage-first heap   total reserved 2066432K, committed 116736K, used 33704K [0x0000000081e00000, 0x0000000100000000)
  region size 1024K, 0 young (0K), 0 survivors (0K)
 Metaspace       used 89860K, committed 91008K, reserved 1179648K
  class space    used 10707K, committed 11200K, reserved 1048576K
}

