# JRE version: OpenJDK Runtime Environment Temurin-23.0.1+11 (23.0.1+11) (build 23.0.1+11)
# Java VM: OpenJDK 64-Bit Server VM Temurin-23.0.1+11 (23.0.1+11, mixed mode, sharing, tiered, compressed oops, compressed class ptrs, g1 gc, windows-amd64)
GC Precious Log:
 CardTable entry size: 512
 Card Set container configuration: InlinePtr #cards 5 size 8 Array Of Cards #cards 10 size 36 Howl #buckets 4 coarsen threshold 1843 Howl Bitmap #cards 512 size 80 coarsen threshold 460 Card regions per heap region 1 cards per card region 2048
 CPUs: 4 total, 4 available
 Memory: 8067M
 Large Page Support: Disabled
 NUMA Support: Disabled
 Compressed Oops: Enabled (32-bit)
 Heap Region Size: 1M
 Heap Min Capacity: 8M
 Heap Initial Capacity: 128M
 Heap Max Capacity: 2018M
 Pre-touch: Disabled
 Parallel Workers: 4
 Concurrent Workers: 1
 Concurrent Refinement Workers: 4
 Periodic GC: Disabled
Heap:
 garbage-first heap   total reserved 2066432K, committed 73728K, used 50917K [0x0000000081e00000, 0x0000000100000000)
  region size 1024K, 20 young (20480K), 4 survivors (4096K)
 Metaspace       used 78864K, committed 79744K, reserved 1179648K
  class space    used 10528K, committed 10944K, reserved 1048576K
GC Heap History (20 events):
Event: 255.410 GC heap before
{Heap before GC invocations=51 (full 0):
 garbage-first heap   total reserved 2066432K, committed 58368K, used 39985K [0x0000000081e00000, 0x0000000100000000)
  region size 1024K, 9 young (9216K), 2 survivors (2048K)
 Metaspace       used 76444K, committed 77120K, reserved 1179648K
  class space    used 10396K, committed 10688K, reserved 1048576K
}
Event: 255.521 GC heap after
{Heap after GC invocations=52 (full 1):
 garbage-first heap   total reserved 2066432K, committed 58368K, used 28706K [0x0000000081e00000, 0x0000000100000000)
  region size 1024K, 0 young (0K), 0 survivors (0K)
 Metaspace       used 76444K, committed 77120K, reserved 1179648K
  class space    used 10396K, committed 10688K, reserved 1048576K
}
Event: 256.572 GC heap before
{Heap before GC invocations=52 (full 1):
 garbage-first heap   total reserved 2066432K, committed 58368K, used 51234K [0x0000000081e00000, 0x0000000100000000)
  region size 1024K, 23 young (23552K), 0 survivors (0K)
 Metaspace       used 76659K, committed 77440K, reserved 1179648K
  class space    used 10406K, committed 10752K, reserved 1048576K
}
Event: 256.577 GC heap after
{Heap after GC invocations=53 (full 1):
 garbage-first heap   total reserved 2066432K, committed 58368K, used 31084K [0x0000000081e00000, 0x0000000100000000)
  region size 1024K, 3 young (3072K), 3 survivors (3072K)
 Metaspace       used 76659K, committed 77440K, reserved 1179648K
  class space    used 10406K, committed 10752K, reserved 1048576K
}
Event: 258.443 GC heap before
{Heap before GC invocations=54 (full 1):
 garbage-first heap   total reserved 2066432K, committed 58368K, used 47468K [0x0000000081e00000, 0x0000000100000000)
  region size 1024K, 20 young (20480K), 3 survivors (3072K)
 Metaspace       used 76921K, committed 77696K, reserved 1179648K
  class space    used 10421K, committed 10752K, reserved 1048576K
}
Event: 258.450 GC heap after
{Heap after GC invocations=55 (full 1):
 garbage-first heap   total reserved 2066432K, committed 58368K, used 32122K [0x0000000081e00000, 0x0000000100000000)
  region size 1024K, 2 young (2048K), 2 survivors (2048K)
 Metaspace       used 76921K, committed 77696K, reserved 1179648K
  class space    used 10421K, committed 10752K, reserved 1048576K
}
Event: 259.551 GC heap before
{Heap before GC invocations=55 (full 1):
 garbage-first heap   total reserved 2066432K, committed 58368K, used 47482K [0x0000000081e00000, 0x0000000100000000)
  region size 1024K, 18 young (18432K), 2 survivors (2048K)
 Metaspace       used 77343K, committed 78080K, reserved 1179648K
  class space    used 10436K, committed 10752K, reserved 1048576K
}
Event: 259.557 GC heap after
{Heap after GC invocations=56 (full 1):
 garbage-first heap   total reserved 2066432K, committed 58368K, used 33591K [0x0000000081e00000, 0x0000000100000000)
  region size 1024K, 3 young (3072K), 3 survivors (3072K)
 Metaspace       used 77343K, committed 78080K, reserved 1179648K
  class space    used 10436K, committed 10752K, reserved 1048576K
}
Event: 260.064 GC heap before
{Heap before GC invocations=56 (full 1):
 garbage-first heap   total reserved 2066432K, committed 58368K, used 48951K [0x0000000081e00000, 0x0000000100000000)
  region size 1024K, 18 young (18432K), 3 survivors (3072K)
 Metaspace       used 77636K, committed 78400K, reserved 1179648K
  class space    used 10447K, committed 10816K, reserved 1048576K
}
Event: 260.071 GC heap after
{Heap after GC invocations=57 (full 1):
 garbage-first heap   total reserved 2066432K, committed 58368K, used 34624K [0x0000000081e00000, 0x0000000100000000)
  region size 1024K, 3 young (3072K), 3 survivors (3072K)
 Metaspace       used 77636K, committed 78400K, reserved 1179648K
  class space    used 10447K, committed 10816K, reserved 1048576K
}
Event: 262.309 GC heap before
{Heap before GC invocations=58 (full 1):
 garbage-first heap   total reserved 2066432K, committed 61440K, used 44864K [0x0000000081e00000, 0x0000000100000000)
  region size 1024K, 14 young (14336K), 3 survivors (3072K)
 Metaspace       used 77733K, committed 78528K, reserved 1179648K
  class space    used 10449K, committed 10816K, reserved 1048576K
}
Event: 262.398 GC heap after
{Heap after GC invocations=59 (full 2):
 garbage-first heap   total reserved 2066432K, committed 61440K, used 28456K [0x0000000081e00000, 0x0000000100000000)
  region size 1024K, 0 young (0K), 0 survivors (0K)
 Metaspace       used 77731K, committed 78528K, reserved 1179648K
  class space    used 10449K, committed 10816K, reserved 1048576K
}
Event: 263.518 GC heap before
{Heap before GC invocations=59 (full 2):
 garbage-first heap   total reserved 2066432K, committed 61440K, used 54056K [0x0000000081e00000, 0x0000000100000000)
  region size 1024K, 25 young (25600K), 0 survivors (0K)
 Metaspace       used 77919K, committed 78720K, reserved 1179648K
  class space    used 10459K, committed 10816K, reserved 1048576K
}
Event: 263.523 GC heap after
{Heap after GC invocations=60 (full 2):
 garbage-first heap   total reserved 2066432K, committed 61440K, used 30856K [0x0000000081e00000, 0x0000000100000000)
  region size 1024K, 3 young (3072K), 3 survivors (3072K)
 Metaspace       used 77919K, committed 78720K, reserved 1179648K
  class space    used 10459K, committed 10816K, reserved 1048576K
}
Event: 264.610 GC heap before
{Heap before GC invocations=61 (full 2):
 garbage-first heap   total reserved 2066432K, committed 61440K, used 51336K [0x0000000081e00000, 0x0000000100000000)
  region size 1024K, 24 young (24576K), 3 survivors (3072K)
 Metaspace       used 78068K, committed 78848K, reserved 1179648K
  class space    used 10462K, committed 10816K, reserved 1048576K
}
Event: 264.618 GC heap after
{Heap after GC invocations=62 (full 2):
 garbage-first heap   total reserved 2066432K, committed 61440K, used 32587K [0x0000000081e00000, 0x0000000100000000)
  region size 1024K, 2 young (2048K), 2 survivors (2048K)
 Metaspace       used 78068K, committed 78848K, reserved 1179648K
  class space    used 10462K, committed 10816K, reserved 1048576K
}
Event: 269.345 GC heap before
{Heap before GC invocations=62 (full 2):
 garbage-first heap   total reserved 2066432K, committed 61440K, used 53067K [0x0000000081e00000, 0x0000000100000000)
  region size 1024K, 22 young (22528K), 2 survivors (2048K)
 Metaspace       used 78514K, committed 79360K, reserved 1179648K
  class space    used 10515K, committed 10944K, reserved 1048576K
}
Event: 269.349 GC heap after
{Heap after GC invocations=63 (full 2):
 garbage-first heap   total reserved 2066432K, committed 73728K, used 34075K [0x0000000081e00000, 0x0000000100000000)
  region size 1024K, 3 young (3072K), 3 survivors (3072K)
 Metaspace       used 78514K, committed 79360K, reserved 1179648K
  class space    used 10515K, committed 10944K, reserved 1048576K
}
Event: 270.282 GC heap before
{Heap before GC invocations=63 (full 2):
 garbage-first heap   total reserved 2066432K, committed 73728K, used 61723K [0x0000000081e00000, 0x0000000100000000)
  region size 1024K, 31 young (31744K), 3 survivors (3072K)
 Metaspace       used 78650K, committed 79552K, reserved 1179648K
  class space    used 10521K, committed 10944K, reserved 1048576K
}
Event: 270.288 GC heap after
{Heap after GC invocations=64 (full 2):
 garbage-first heap   total reserved 2066432K, committed 73728K, used 35557K [0x0000000081e00000, 0x0000000100000000)
  region size 1024K, 4 young (4096K), 4 survivors (4096K)
 Metaspace       used 78650K, committed 79552K, reserved 1179648K
  class space    used 10521K, committed 10944K, reserved 1048576K
}

