# JRE version: OpenJDK Runtime Environment Temurin-23.0.1+11 (23.0.1+11) (build 23.0.1+11)
# Java VM: OpenJDK 64-Bit Server VM Temurin-23.0.1+11 (23.0.1+11, mixed mode, sharing, tiered, compressed oops, compressed class ptrs, g1 gc, windows-amd64)
GC Precious Log:
 CardTable entry size: 512
 Card Set container configuration: InlinePtr #cards 5 size 8 Array Of Cards #cards 10 size 36 Howl #buckets 4 coarsen threshold 1843 Howl Bitmap #cards 512 size 80 coarsen threshold 460 Card regions per heap region 1 cards per card region 2048
 CPUs: 4 total, 4 available
 Memory: 8067M
 Large Page Support: Disabled
 NUMA Support: Disabled
 Compressed Oops: Enabled (32-bit)
 Heap Region Size: 1M
 Heap Min Capacity: 8M
 Heap Initial Capacity: 128M
 Heap Max Capacity: 2018M
 Pre-touch: Disabled
 Parallel Workers: 4
 Concurrent Workers: 1
 Concurrent Refinement Workers: 4
 Periodic GC: Disabled
Heap:
 garbage-first heap   total reserved 2066432K, committed 116736K, used 93024K [0x0000000081e00000, 0x0000000100000000)
  region size 1024K, 60 young (61440K), 0 survivors (0K)
 Metaspace       used 98409K, committed 99520K, reserved 1179648K
  class space    used 11604K, committed 12096K, reserved 1048576K
GC Heap History (20 events):
Event: 3178.956 GC heap before
{Heap before GC invocations=154 (full 31):
 garbage-first heap   total reserved 2066432K, committed 116736K, used 99497K [0x0000000081e00000, 0x0000000100000000)
  region size 1024K, 66 young (67584K), 0 survivors (0K)
 Metaspace       used 95775K, committed 96832K, reserved 1179648K
  class space    used 11456K, committed 11968K, reserved 1048576K
}
Event: 3179.133 GC heap after
{Heap after GC invocations=155 (full 31):
 garbage-first heap   total reserved 2066432K, committed 116736K, used 38796K [0x0000000081e00000, 0x0000000100000000)
  region size 1024K, 6 young (6144K), 6 survivors (6144K)
 Metaspace       used 95775K, committed 96832K, reserved 1179648K
  class space    used 11456K, committed 11968K, reserved 1048576K
}
Event: 3182.171 GC heap before
{Heap before GC invocations=156 (full 31):
 garbage-first heap   total reserved 2066432K, committed 116736K, used 50060K [0x0000000081e00000, 0x0000000100000000)
  region size 1024K, 18 young (18432K), 6 survivors (6144K)
 Metaspace       used 95834K, committed 96896K, reserved 1179648K
  class space    used 11459K, committed 11968K, reserved 1048576K
}
Event: 3182.286 GC heap after
{Heap after GC invocations=157 (full 32):
 garbage-first heap   total reserved 2066432K, committed 116736K, used 33253K [0x0000000081e00000, 0x0000000100000000)
  region size 1024K, 0 young (0K), 0 survivors (0K)
 Metaspace       used 95831K, committed 96896K, reserved 1179648K
  class space    used 11459K, committed 11968K, reserved 1048576K
}
Event: 3184.397 GC heap before
{Heap before GC invocations=157 (full 32):
 garbage-first heap   total reserved 2066432K, committed 116736K, used 99813K [0x0000000081e00000, 0x0000000100000000)
  region size 1024K, 66 young (67584K), 0 survivors (0K)
 Metaspace       used 96182K, committed 97216K, reserved 1179648K
  class space    used 11487K, committed 11968K, reserved 1048576K
}
Event: 3184.546 GC heap after
{Heap after GC invocations=158 (full 32):
 garbage-first heap   total reserved 2066432K, committed 116736K, used 39119K [0x0000000081e00000, 0x0000000100000000)
  region size 1024K, 6 young (6144K), 6 survivors (6144K)
 Metaspace       used 96182K, committed 97216K, reserved 1179648K
  class space    used 11487K, committed 11968K, reserved 1048576K
}
Event: 3192.002 GC heap before
{Heap before GC invocations=159 (full 32):
 garbage-first heap   total reserved 2066432K, committed 116736K, used 50383K [0x0000000081e00000, 0x0000000100000000)
  region size 1024K, 19 young (19456K), 6 survivors (6144K)
 Metaspace       used 96355K, committed 97408K, reserved 1179648K
  class space    used 11490K, committed 12032K, reserved 1048576K
}
Event: 3192.247 GC heap after
{Heap after GC invocations=160 (full 33):
 garbage-first heap   total reserved 2066432K, committed 116736K, used 33507K [0x0000000081e00000, 0x0000000100000000)
  region size 1024K, 0 young (0K), 0 survivors (0K)
 Metaspace       used 96353K, committed 97408K, reserved 1179648K
  class space    used 11489K, committed 12032K, reserved 1048576K
}
Event: 3193.634 GC heap before
{Heap before GC invocations=160 (full 33):
 garbage-first heap   total reserved 2066432K, committed 116736K, used 101091K [0x0000000081e00000, 0x0000000100000000)
  region size 1024K, 66 young (67584K), 0 survivors (0K)
 Metaspace       used 96725K, committed 97792K, reserved 1179648K
  class space    used 11518K, committed 12032K, reserved 1048576K
}
Event: 3193.642 GC heap after
{Heap after GC invocations=161 (full 33):
 garbage-first heap   total reserved 2066432K, committed 116736K, used 39392K [0x0000000081e00000, 0x0000000100000000)
  region size 1024K, 6 young (6144K), 6 survivors (6144K)
 Metaspace       used 96725K, committed 97792K, reserved 1179648K
  class space    used 11518K, committed 12032K, reserved 1048576K
}
Event: 3197.463 GC heap before
{Heap before GC invocations=162 (full 33):
 garbage-first heap   total reserved 2066432K, committed 116736K, used 50656K [0x0000000081e00000, 0x0000000100000000)
  region size 1024K, 18 young (18432K), 6 survivors (6144K)
 Metaspace       used 96827K, committed 97920K, reserved 1179648K
  class space    used 11520K, committed 12032K, reserved 1048576K
}
Event: 3198.158 GC heap after
{Heap after GC invocations=163 (full 34):
 garbage-first heap   total reserved 2066432K, committed 116736K, used 33542K [0x0000000081e00000, 0x0000000100000000)
  region size 1024K, 0 young (0K), 0 survivors (0K)
 Metaspace       used 96824K, committed 97920K, reserved 1179648K
  class space    used 11520K, committed 12032K, reserved 1048576K
}
Event: 3200.166 GC heap before
{Heap before GC invocations=163 (full 34):
 garbage-first heap   total reserved 2066432K, committed 116736K, used 100102K [0x0000000081e00000, 0x0000000100000000)
  region size 1024K, 65 young (66560K), 0 survivors (0K)
 Metaspace       used 97247K, committed 98240K, reserved 1179648K
  class space    used 11549K, committed 12032K, reserved 1048576K
}
Event: 3200.180 GC heap after
{Heap after GC invocations=164 (full 34):
 garbage-first heap   total reserved 2066432K, committed 209920K, used 39178K [0x0000000081e00000, 0x0000000100000000)
  region size 1024K, 6 young (6144K), 6 survivors (6144K)
 Metaspace       used 97247K, committed 98240K, reserved 1179648K
  class space    used 11549K, committed 12032K, reserved 1048576K
}
Event: 3203.624 GC heap before
{Heap before GC invocations=165 (full 34):
 garbage-first heap   total reserved 2066432K, committed 140288K, used 53514K [0x0000000081e00000, 0x0000000100000000)
  region size 1024K, 21 young (21504K), 6 survivors (6144K)
 Metaspace       used 97289K, committed 98368K, reserved 1179648K
  class space    used 11551K, committed 12096K, reserved 1048576K
}
Event: 3203.728 GC heap after
{Heap after GC invocations=166 (full 35):
 garbage-first heap   total reserved 2066432K, committed 119808K, used 33814K [0x0000000081e00000, 0x0000000100000000)
  region size 1024K, 0 young (0K), 0 survivors (0K)
 Metaspace       used 97287K, committed 98368K, reserved 1179648K
  class space    used 11550K, committed 12096K, reserved 1048576K
}
Event: 3209.542 GC heap before
{Heap before GC invocations=166 (full 35):
 garbage-first heap   total reserved 2066432K, committed 119808K, used 102422K [0x0000000081e00000, 0x0000000100000000)
  region size 1024K, 67 young (68608K), 0 survivors (0K)
 Metaspace       used 97725K, committed 98880K, reserved 1179648K
  class space    used 11579K, committed 12096K, reserved 1048576K
}
Event: 3209.550 GC heap after
{Heap after GC invocations=167 (full 35):
 garbage-first heap   total reserved 2066432K, committed 119808K, used 39707K [0x0000000081e00000, 0x0000000100000000)
  region size 1024K, 6 young (6144K), 6 survivors (6144K)
 Metaspace       used 97725K, committed 98880K, reserved 1179648K
  class space    used 11579K, committed 12096K, reserved 1048576K
}
Event: 3211.516 GC heap before
{Heap before GC invocations=168 (full 35):
 garbage-first heap   total reserved 2066432K, committed 119808K, used 48923K [0x0000000081e00000, 0x0000000100000000)
  region size 1024K, 16 young (16384K), 6 survivors (6144K)
 Metaspace       used 97744K, committed 98944K, reserved 1179648K
  class space    used 11580K, committed 12096K, reserved 1048576K
}
Event: 3211.862 GC heap after
{Heap after GC invocations=169 (full 36):
 garbage-first heap   total reserved 2066432K, committed 116736K, used 33632K [0x0000000081e00000, 0x0000000100000000)
  region size 1024K, 0 young (0K), 0 survivors (0K)
 Metaspace       used 97742K, committed 98944K, reserved 1179648K
  class space    used 11580K, committed 12096K, reserved 1048576K
}

