# JRE version: OpenJDK Runtime Environment Temurin-23.0.1+11 (23.0.1+11) (build 23.0.1+11)
# Java VM: OpenJDK 64-Bit Server VM Temurin-23.0.1+11 (23.0.1+11, mixed mode, sharing, tiered, compressed oops, compressed class ptrs, g1 gc, windows-amd64)
GC Precious Log:
 CardTable entry size: 512
 Card Set container configuration: InlinePtr #cards 5 size 8 Array Of Cards #cards 10 size 36 Howl #buckets 4 coarsen threshold 1843 Howl Bitmap #cards 512 size 80 coarsen threshold 460 Card regions per heap region 1 cards per card region 2048
 CPUs: 4 total, 4 available
 Memory: 8067M
 Large Page Support: Disabled
 NUMA Support: Disabled
 Compressed Oops: Enabled (32-bit)
 Heap Region Size: 1M
 Heap Min Capacity: 8M
 Heap Initial Capacity: 128M
 Heap Max Capacity: 2018M
 Pre-touch: Disabled
 Parallel Workers: 4
 Concurrent Workers: 1
 Concurrent Refinement Workers: 4
 Periodic GC: Disabled
Heap:
 garbage-first heap   total reserved 2066432K, committed 112640K, used 85392K [0x0000000081e00000, 0x0000000100000000)
  region size 1024K, 53 young (54272K), 0 survivors (0K)
 Metaspace       used 87368K, committed 88448K, reserved 1179648K
  class space    used 10769K, committed 11264K, reserved 1048576K
GC Heap History (20 events):
Event: 661.509 GC heap before
{Heap before GC invocations=96 (full 15):
 garbage-first heap   total reserved 2066432K, committed 106496K, used 88481K [0x0000000081e00000, 0x0000000100000000)
  region size 1024K, 57 young (58368K), 0 survivors (0K)
 Metaspace       used 84750K, committed 85696K, reserved 1179648K
  class space    used 10607K, committed 11008K, reserved 1048576K
}
Event: 661.516 GC heap after
{Heap after GC invocations=97 (full 15):
 garbage-first heap   total reserved 2066432K, committed 106496K, used 36665K [0x0000000081e00000, 0x0000000100000000)
  region size 1024K, 6 young (6144K), 6 survivors (6144K)
 Metaspace       used 84750K, committed 85696K, reserved 1179648K
  class space    used 10607K, committed 11008K, reserved 1048576K
}
Event: 664.794 GC heap before
{Heap before GC invocations=98 (full 15):
 garbage-first heap   total reserved 2066432K, committed 106496K, used 57145K [0x0000000081e00000, 0x0000000100000000)
  region size 1024K, 27 young (27648K), 6 survivors (6144K)
 Metaspace       used 84969K, committed 85952K, reserved 1179648K
  class space    used 10615K, committed 11072K, reserved 1048576K
}
Event: 664.925 GC heap after
{Heap after GC invocations=99 (full 16):
 garbage-first heap   total reserved 2066432K, committed 106496K, used 31403K [0x0000000081e00000, 0x0000000100000000)
  region size 1024K, 0 young (0K), 0 survivors (0K)
 Metaspace       used 84966K, committed 85952K, reserved 1179648K
  class space    used 10614K, committed 11072K, reserved 1048576K
}
Event: 666.219 GC heap before
{Heap before GC invocations=99 (full 16):
 garbage-first heap   total reserved 2066432K, committed 106496K, used 88747K [0x0000000081e00000, 0x0000000100000000)
  region size 1024K, 57 young (58368K), 0 survivors (0K)
 Metaspace       used 85279K, committed 86272K, reserved 1179648K
  class space    used 10638K, committed 11072K, reserved 1048576K
}
Event: 666.339 GC heap after
{Heap after GC invocations=100 (full 16):
 garbage-first heap   total reserved 2066432K, committed 106496K, used 36386K [0x0000000081e00000, 0x0000000100000000)
  region size 1024K, 5 young (5120K), 5 survivors (5120K)
 Metaspace       used 85279K, committed 86272K, reserved 1179648K
  class space    used 10638K, committed 11072K, reserved 1048576K
}
Event: 670.462 GC heap before
{Heap before GC invocations=101 (full 16):
 garbage-first heap   total reserved 2066432K, committed 106496K, used 56866K [0x0000000081e00000, 0x0000000100000000)
  region size 1024K, 26 young (26624K), 5 survivors (5120K)
 Metaspace       used 85488K, committed 86464K, reserved 1179648K
  class space    used 10645K, committed 11072K, reserved 1048576K
}
Event: 670.577 GC heap after
{Heap after GC invocations=102 (full 17):
 garbage-first heap   total reserved 2066432K, committed 106496K, used 31675K [0x0000000081e00000, 0x0000000100000000)
  region size 1024K, 0 young (0K), 0 survivors (0K)
 Metaspace       used 85486K, committed 86464K, reserved 1179648K
  class space    used 10644K, committed 11072K, reserved 1048576K
}
Event: 672.989 GC heap before
{Heap before GC invocations=102 (full 17):
 garbage-first heap   total reserved 2066432K, committed 106496K, used 89019K [0x0000000081e00000, 0x0000000100000000)
  region size 1024K, 57 young (58368K), 0 survivors (0K)
 Metaspace       used 85822K, committed 86720K, reserved 1179648K
  class space    used 10668K, committed 11072K, reserved 1048576K
}
Event: 672.996 GC heap after
{Heap after GC invocations=103 (full 17):
 garbage-first heap   total reserved 2066432K, committed 106496K, used 36659K [0x0000000081e00000, 0x0000000100000000)
  region size 1024K, 5 young (5120K), 5 survivors (5120K)
 Metaspace       used 85822K, committed 86720K, reserved 1179648K
  class space    used 10668K, committed 11072K, reserved 1048576K
}
Event: 677.916 GC heap before
{Heap before GC invocations=104 (full 17):
 garbage-first heap   total reserved 2066432K, committed 106496K, used 57139K [0x0000000081e00000, 0x0000000100000000)
  region size 1024K, 26 young (26624K), 5 survivors (5120K)
 Metaspace       used 86039K, committed 87040K, reserved 1179648K
  class space    used 10675K, committed 11136K, reserved 1048576K
}
Event: 677.979 GC heap after
{Heap after GC invocations=105 (full 18):
 garbage-first heap   total reserved 2066432K, committed 106496K, used 31934K [0x0000000081e00000, 0x0000000100000000)
  region size 1024K, 0 young (0K), 0 survivors (0K)
 Metaspace       used 86037K, committed 87040K, reserved 1179648K
  class space    used 10675K, committed 11136K, reserved 1048576K
}
Event: 684.028 GC heap before
{Heap before GC invocations=105 (full 18):
 garbage-first heap   total reserved 2066432K, committed 106496K, used 89278K [0x0000000081e00000, 0x0000000100000000)
  region size 1024K, 57 young (58368K), 0 survivors (0K)
 Metaspace       used 86502K, committed 87488K, reserved 1179648K
  class space    used 10698K, committed 11136K, reserved 1048576K
}
Event: 684.042 GC heap after
{Heap after GC invocations=106 (full 18):
 garbage-first heap   total reserved 2066432K, committed 128000K, used 36918K [0x0000000081e00000, 0x0000000100000000)
  region size 1024K, 5 young (5120K), 5 survivors (5120K)
 Metaspace       used 86502K, committed 87488K, reserved 1179648K
  class space    used 10698K, committed 11136K, reserved 1048576K
}
Event: 685.906 GC heap before
{Heap before GC invocations=107 (full 18):
 garbage-first heap   total reserved 2066432K, committed 128000K, used 57398K [0x0000000081e00000, 0x0000000100000000)
  region size 1024K, 26 young (26624K), 5 survivors (5120K)
 Metaspace       used 86643K, committed 87680K, reserved 1179648K
  class space    used 10707K, committed 11136K, reserved 1048576K
}
Event: 686.014 GC heap after
{Heap after GC invocations=108 (full 19):
 garbage-first heap   total reserved 2066432K, committed 112640K, used 32215K [0x0000000081e00000, 0x0000000100000000)
  region size 1024K, 0 young (0K), 0 survivors (0K)
 Metaspace       used 86641K, committed 87680K, reserved 1179648K
  class space    used 10706K, committed 11136K, reserved 1048576K
}
Event: 688.392 GC heap before
{Heap before GC invocations=108 (full 19):
 garbage-first heap   total reserved 2066432K, committed 112640K, used 93655K [0x0000000081e00000, 0x0000000100000000)
  region size 1024K, 61 young (62464K), 0 survivors (0K)
 Metaspace       used 87014K, committed 88064K, reserved 1179648K
  class space    used 10734K, committed 11200K, reserved 1048576K
}
Event: 688.398 GC heap after
{Heap after GC invocations=109 (full 19):
 garbage-first heap   total reserved 2066432K, committed 112640K, used 37335K [0x0000000081e00000, 0x0000000100000000)
  region size 1024K, 5 young (5120K), 5 survivors (5120K)
 Metaspace       used 87014K, committed 88064K, reserved 1179648K
  class space    used 10734K, committed 11200K, reserved 1048576K
}
Event: 808.177 GC heap before
{Heap before GC invocations=110 (full 19):
 garbage-first heap   total reserved 2066432K, committed 112640K, used 63959K [0x0000000081e00000, 0x0000000100000000)
  region size 1024K, 32 young (32768K), 5 survivors (5120K)
 Metaspace       used 87185K, committed 88192K, reserved 1179648K
  class space    used 10753K, committed 11200K, reserved 1048576K
}
Event: 808.313 GC heap after
{Heap after GC invocations=111 (full 20):
 garbage-first heap   total reserved 2066432K, committed 112640K, used 33168K [0x0000000081e00000, 0x0000000100000000)
  region size 1024K, 0 young (0K), 0 survivors (0K)
 Metaspace       used 87183K, committed 88192K, reserved 1179648K
  class space    used 10753K, committed 11200K, reserved 1048576K
}

